Determining if the pthread_create exist failed with the following output:
Change Dir: /home/abies2/documents/hw1-dbies34/CMakeFiles/CMakeTmp

Run Build Command:"/usr/bin/make" "cmTC_e98ce/fast"
/usr/bin/make -f CMakeFiles/cmTC_e98ce.dir/build.make CMakeFiles/cmTC_e98ce.dir/build
make[1]: Entering directory '/home/abies2/documents/hw1-dbies34/CMakeFiles/CMakeTmp'
Building C object CMakeFiles/cmTC_e98ce.dir/CheckSymbolExists.c.o
/usr/bin/cc    -o CMakeFiles/cmTC_e98ce.dir/CheckSymbolExists.c.o   -c /home/abies2/documents/hw1-dbies34/CMakeFiles/CMakeTmp/CheckSymbolExists.c
Linking C executable cmTC_e98ce
/usr/bin/cmake -E cmake_link_script CMakeFiles/cmTC_e98ce.dir/link.txt --verbose=1
/usr/bin/cc      -rdynamic CMakeFiles/cmTC_e98ce.dir/CheckSymbolExists.c.o  -o cmTC_e98ce 
CMakeFiles/cmTC_e98ce.dir/CheckSymbolExists.c.o: In function `main':
CheckSymbolExists.c:(.text+0x1b): undefined reference to `pthread_create'
collect2: error: ld returned 1 exit status
CMakeFiles/cmTC_e98ce.dir/build.make:97: recipe for target 'cmTC_e98ce' failed
make[1]: *** [cmTC_e98ce] Error 1
make[1]: Leaving directory '/home/abies2/documents/hw1-dbies34/CMakeFiles/CMakeTmp'
Makefile:126: recipe for target 'cmTC_e98ce/fast' failed
make: *** [cmTC_e98ce/fast] Error 2

File /home/abies2/documents/hw1-dbies34/CMakeFiles/CMakeTmp/CheckSymbolExists.c:
/* */
#include <pthread.h>

int main(int argc, char** argv)
{
  (void)argv;
#ifndef pthread_create
  return ((int*)(&pthread_create))[argc];
#else
  (void)argc;
  return 0;
#endif
}

Determining if the function pthread_create exists in the pthreads failed with the following output:
Change Dir: /home/abies2/documents/hw1-dbies34/CMakeFiles/CMakeTmp

Run Build Command:"/usr/bin/make" "cmTC_8e81b/fast"
/usr/bin/make -f CMakeFiles/cmTC_8e81b.dir/build.make CMakeFiles/cmTC_8e81b.dir/build
make[1]: Entering directory '/home/abies2/documents/hw1-dbies34/CMakeFiles/CMakeTmp'
Building C object CMakeFiles/cmTC_8e81b.dir/CheckFunctionExists.c.o
/usr/bin/cc   -DCHECK_FUNCTION_EXISTS=pthread_create   -o CMakeFiles/cmTC_8e81b.dir/CheckFunctionExists.c.o   -c /usr/share/cmake-3.10/Modules/CheckFunctionExists.c
Linking C executable cmTC_8e81b
/usr/bin/cmake -E cmake_link_script CMakeFiles/cmTC_8e81b.dir/link.txt --verbose=1
/usr/bin/cc  -DCHECK_FUNCTION_EXISTS=pthread_create    -rdynamic CMakeFiles/cmTC_8e81b.dir/CheckFunctionExists.c.o  -o cmTC_8e81b -lpthreads 
/usr/bin/ld: cannot find -lpthreads
collect2: error: ld returned 1 exit status
CMakeFiles/cmTC_8e81b.dir/build.make:97: recipe for target 'cmTC_8e81b' failed
make[1]: *** [cmTC_8e81b] Error 1
make[1]: Leaving directory '/home/abies2/documents/hw1-dbies34/CMakeFiles/CMakeTmp'
Makefile:126: recipe for target 'cmTC_8e81b/fast' failed
make: *** [cmTC_8e81b/fast] Error 2


